<?xml version="1.0" encoding="UTF-8"?>
<testng-results skipped="1" failed="0" ignored="0" total="1" passed="0">
  <reporter-output>
  </reporter-output>
  <suite name="Default suite" duration-ms="2111" started-at="2021-02-13T12:45:44Z" finished-at="2021-02-13T12:45:47Z">
    <groups>
    </groups>
    <test name="Default test" duration-ms="2111" started-at="2021-02-13T12:45:44Z" finished-at="2021-02-13T12:45:47Z">
      <class name="com.qa.testCases.LoginPageWindowHandlerTest">
        <test-method status="FAIL" signature="initMe()[pri:0, instance:com.qa.testCases.LoginPageWindowHandlerTest@464bee09]" name="initMe" is-config="true" duration-ms="2069" started-at="2021-02-13T12:45:44Z" finished-at="2021-02-13T12:45:46Z">
          <exception class="org.openqa.selenium.WebDriverException">
            <message>
              <![CDATA[unknown error: cannot find Chrome binary
Build info: version: '3.141.59', revision: 'e82be7d358', time: '2018-11-14T08:17:03'
System info: host: 'AKSHAY', ip: '192.168.0.108', os.name: 'Windows 10', os.arch: 'amd64', os.version: '10.0', java.version: '1.8.0_221'
Driver info: driver.version: ChromeDriver
remote stacktrace: Backtrace:
Ordinal0 [0x00C99563+2725219]
Ordinal0 [0x00B98551+1672529]
Ordinal0 [0x00A80359+525145]
Ordinal0 [0x00A0CA64+51812]
Ordinal0 [0x00A2CC37+183351]
Ordinal0 [0x00A2CA3D+182845]
Ordinal0 [0x00A2A94B+174411]
Ordinal0 [0x00A12528+75048]
Ordinal0 [0x00A135A0+79264]
Ordinal0 [0x00A13539+79161]
Ordinal0 [0x00BAD607+1758727]
GetHandleVerifier [0x00DB6546+1050150]
GetHandleVerifier [0x00DB6291+1049457]
GetHandleVerifier [0x00DC10D7+1094071]
GetHandleVerifier [0x00DB6B46+1051686]
Ordinal0 [0x00BA5B06+1727238]
Ordinal0 [0x00BAEB7B+1764219]
Ordinal0 [0x00BAECE3+1764579]
Ordinal0 [0x00BC4C05+1854469]
BaseThreadInitThunk [0x7567FA29+25]
RtlGetAppContainerNamedObjectPath [0x774975F4+228]
RtlGetAppContainerNamedObjectPath [0x774975C4+180]
]]>
            </message>
            <full-stacktrace>
              <![CDATA[org.openqa.selenium.WebDriverException: unknown error: cannot find Chrome binary
Build info: version: '3.141.59', revision: 'e82be7d358', time: '2018-11-14T08:17:03'
System info: host: 'AKSHAY', ip: '192.168.0.108', os.name: 'Windows 10', os.arch: 'amd64', os.version: '10.0', java.version: '1.8.0_221'
Driver info: driver.version: ChromeDriver
remote stacktrace: Backtrace:
Ordinal0 [0x00C99563+2725219]
Ordinal0 [0x00B98551+1672529]
Ordinal0 [0x00A80359+525145]
Ordinal0 [0x00A0CA64+51812]
Ordinal0 [0x00A2CC37+183351]
Ordinal0 [0x00A2CA3D+182845]
Ordinal0 [0x00A2A94B+174411]
Ordinal0 [0x00A12528+75048]
Ordinal0 [0x00A135A0+79264]
Ordinal0 [0x00A13539+79161]
Ordinal0 [0x00BAD607+1758727]
GetHandleVerifier [0x00DB6546+1050150]
GetHandleVerifier [0x00DB6291+1049457]
GetHandleVerifier [0x00DC10D7+1094071]
GetHandleVerifier [0x00DB6B46+1051686]
Ordinal0 [0x00BA5B06+1727238]
Ordinal0 [0x00BAEB7B+1764219]
Ordinal0 [0x00BAECE3+1764579]
Ordinal0 [0x00BC4C05+1854469]
BaseThreadInitThunk [0x7567FA29+25]
RtlGetAppContainerNamedObjectPath [0x774975F4+228]
RtlGetAppContainerNamedObjectPath [0x774975C4+180]

at sun.reflect.NativeConstructorAccessorImpl.newInstance0(Native Method)
at sun.reflect.NativeConstructorAccessorImpl.newInstance(Unknown Source)
at sun.reflect.DelegatingConstructorAccessorImpl.newInstance(Unknown Source)
at java.lang.reflect.Constructor.newInstance(Unknown Source)
at org.openqa.selenium.remote.W3CHandshakeResponse.lambda$errorHandler$0(W3CHandshakeResponse.java:62)
at org.openqa.selenium.remote.HandshakeResponse.lambda$getResponseFunction$0(HandshakeResponse.java:30)
at org.openqa.selenium.remote.ProtocolHandshake.lambda$createSession$0(ProtocolHandshake.java:126)
at java.util.stream.ReferencePipeline$3$1.accept(Unknown Source)
at java.util.Spliterators$ArraySpliterator.tryAdvance(Unknown Source)
at java.util.stream.ReferencePipeline.forEachWithCancel(Unknown Source)
at java.util.stream.AbstractPipeline.copyIntoWithCancel(Unknown Source)
at java.util.stream.AbstractPipeline.copyInto(Unknown Source)
at java.util.stream.AbstractPipeline.wrapAndCopyInto(Unknown Source)
at java.util.stream.FindOps$FindOp.evaluateSequential(Unknown Source)
at java.util.stream.AbstractPipeline.evaluate(Unknown Source)
at java.util.stream.ReferencePipeline.findFirst(Unknown Source)
at org.openqa.selenium.remote.ProtocolHandshake.createSession(ProtocolHandshake.java:128)
at org.openqa.selenium.remote.ProtocolHandshake.createSession(ProtocolHandshake.java:74)
at org.openqa.selenium.remote.HttpCommandExecutor.execute(HttpCommandExecutor.java:136)
at org.openqa.selenium.remote.service.DriverCommandExecutor.execute(DriverCommandExecutor.java:83)
at org.openqa.selenium.remote.RemoteWebDriver.execute(RemoteWebDriver.java:552)
at org.openqa.selenium.remote.RemoteWebDriver.startSession(RemoteWebDriver.java:213)
at org.openqa.selenium.remote.RemoteWebDriver.<init>(RemoteWebDriver.java:131)
at org.openqa.selenium.chrome.ChromeDriver.<init>(ChromeDriver.java:181)
at org.openqa.selenium.chrome.ChromeDriver.<init>(ChromeDriver.java:168)
at org.openqa.selenium.chrome.ChromeDriver.<init>(ChromeDriver.java:123)
at com.qa.resources.base.initializeDriver(base.java:39)
at com.qa.testCases.LoginPageWindowHandlerTest.initMe(LoginPageWindowHandlerTest.java:16)
at sun.reflect.NativeMethodAccessorImpl.invoke0(Native Method)
at sun.reflect.NativeMethodAccessorImpl.invoke(Unknown Source)
at sun.reflect.DelegatingMethodAccessorImpl.invoke(Unknown Source)
at java.lang.reflect.Method.invoke(Unknown Source)
at org.testng.internal.MethodInvocationHelper.invokeMethod(MethodInvocationHelper.java:124)
at org.testng.internal.MethodInvocationHelper.invokeMethodConsideringTimeout(MethodInvocationHelper.java:59)
at org.testng.internal.Invoker.invokeConfigurationMethod(Invoker.java:458)
at org.testng.internal.Invoker.invokeConfigurations(Invoker.java:222)
at org.testng.internal.Invoker.invokeConfigurations(Invoker.java:142)
at org.testng.TestRunner.beforeRun(TestRunner.java:529)
at org.testng.TestRunner.run(TestRunner.java:497)
at org.testng.SuiteRunner.runTest(SuiteRunner.java:455)
at org.testng.SuiteRunner.runSequentially(SuiteRunner.java:450)
at org.testng.SuiteRunner.privateRun(SuiteRunner.java:415)
at org.testng.SuiteRunner.run(SuiteRunner.java:364)
at org.testng.SuiteRunnerWorker.runSuite(SuiteRunnerWorker.java:52)
at org.testng.SuiteRunnerWorker.run(SuiteRunnerWorker.java:84)
at org.testng.TestNG.runSuitesSequentially(TestNG.java:1208)
at org.testng.TestNG.runSuitesLocally(TestNG.java:1137)
at org.testng.TestNG.runSuites(TestNG.java:1049)
at org.testng.TestNG.run(TestNG.java:1017)
at org.testng.remote.AbstractRemoteTestNG.run(AbstractRemoteTestNG.java:115)
at org.testng.remote.RemoteTestNG.initAndRun(RemoteTestNG.java:251)
at org.testng.remote.RemoteTestNG.main(RemoteTestNG.java:77)
]]>
            </full-stacktrace>
          </exception> <!-- org.openqa.selenium.WebDriverException -->
          <reporter-output>
          </reporter-output>
        </test-method> <!-- initMe -->
        <test-method status="SKIP" signature="HandlerLoginPage()[pri:0, instance:com.qa.testCases.LoginPageWindowHandlerTest@464bee09]" name="HandlerLoginPage" duration-ms="0" started-at="2021-02-13T12:45:47Z" finished-at="2021-02-13T12:45:47Z">
          <exception class="org.openqa.selenium.WebDriverException">
            <message>
              <![CDATA[unknown error: cannot find Chrome binary
Build info: version: '3.141.59', revision: 'e82be7d358', time: '2018-11-14T08:17:03'
System info: host: 'AKSHAY', ip: '192.168.0.108', os.name: 'Windows 10', os.arch: 'amd64', os.version: '10.0', java.version: '1.8.0_221'
Driver info: driver.version: ChromeDriver
remote stacktrace: Backtrace:
Ordinal0 [0x00C99563+2725219]
Ordinal0 [0x00B98551+1672529]
Ordinal0 [0x00A80359+525145]
Ordinal0 [0x00A0CA64+51812]
Ordinal0 [0x00A2CC37+183351]
Ordinal0 [0x00A2CA3D+182845]
Ordinal0 [0x00A2A94B+174411]
Ordinal0 [0x00A12528+75048]
Ordinal0 [0x00A135A0+79264]
Ordinal0 [0x00A13539+79161]
Ordinal0 [0x00BAD607+1758727]
GetHandleVerifier [0x00DB6546+1050150]
GetHandleVerifier [0x00DB6291+1049457]
GetHandleVerifier [0x00DC10D7+1094071]
GetHandleVerifier [0x00DB6B46+1051686]
Ordinal0 [0x00BA5B06+1727238]
Ordinal0 [0x00BAEB7B+1764219]
Ordinal0 [0x00BAECE3+1764579]
Ordinal0 [0x00BC4C05+1854469]
BaseThreadInitThunk [0x7567FA29+25]
RtlGetAppContainerNamedObjectPath [0x774975F4+228]
RtlGetAppContainerNamedObjectPath [0x774975C4+180]
]]>
            </message>
            <full-stacktrace>
              <![CDATA[org.openqa.selenium.WebDriverException: unknown error: cannot find Chrome binary
Build info: version: '3.141.59', revision: 'e82be7d358', time: '2018-11-14T08:17:03'
System info: host: 'AKSHAY', ip: '192.168.0.108', os.name: 'Windows 10', os.arch: 'amd64', os.version: '10.0', java.version: '1.8.0_221'
Driver info: driver.version: ChromeDriver
remote stacktrace: Backtrace:
Ordinal0 [0x00C99563+2725219]
Ordinal0 [0x00B98551+1672529]
Ordinal0 [0x00A80359+525145]
Ordinal0 [0x00A0CA64+51812]
Ordinal0 [0x00A2CC37+183351]
Ordinal0 [0x00A2CA3D+182845]
Ordinal0 [0x00A2A94B+174411]
Ordinal0 [0x00A12528+75048]
Ordinal0 [0x00A135A0+79264]
Ordinal0 [0x00A13539+79161]
Ordinal0 [0x00BAD607+1758727]
GetHandleVerifier [0x00DB6546+1050150]
GetHandleVerifier [0x00DB6291+1049457]
GetHandleVerifier [0x00DC10D7+1094071]
GetHandleVerifier [0x00DB6B46+1051686]
Ordinal0 [0x00BA5B06+1727238]
Ordinal0 [0x00BAEB7B+1764219]
Ordinal0 [0x00BAECE3+1764579]
Ordinal0 [0x00BC4C05+1854469]
BaseThreadInitThunk [0x7567FA29+25]
RtlGetAppContainerNamedObjectPath [0x774975F4+228]
RtlGetAppContainerNamedObjectPath [0x774975C4+180]

at sun.reflect.NativeConstructorAccessorImpl.newInstance0(Native Method)
at sun.reflect.NativeConstructorAccessorImpl.newInstance(Unknown Source)
at sun.reflect.DelegatingConstructorAccessorImpl.newInstance(Unknown Source)
at java.lang.reflect.Constructor.newInstance(Unknown Source)
at org.openqa.selenium.remote.W3CHandshakeResponse.lambda$errorHandler$0(W3CHandshakeResponse.java:62)
at org.openqa.selenium.remote.HandshakeResponse.lambda$getResponseFunction$0(HandshakeResponse.java:30)
at org.openqa.selenium.remote.ProtocolHandshake.lambda$createSession$0(ProtocolHandshake.java:126)
at java.util.stream.ReferencePipeline$3$1.accept(Unknown Source)
at java.util.Spliterators$ArraySpliterator.tryAdvance(Unknown Source)
at java.util.stream.ReferencePipeline.forEachWithCancel(Unknown Source)
at java.util.stream.AbstractPipeline.copyIntoWithCancel(Unknown Source)
at java.util.stream.AbstractPipeline.copyInto(Unknown Source)
at java.util.stream.AbstractPipeline.wrapAndCopyInto(Unknown Source)
at java.util.stream.FindOps$FindOp.evaluateSequential(Unknown Source)
at java.util.stream.AbstractPipeline.evaluate(Unknown Source)
at java.util.stream.ReferencePipeline.findFirst(Unknown Source)
at org.openqa.selenium.remote.ProtocolHandshake.createSession(ProtocolHandshake.java:128)
at org.openqa.selenium.remote.ProtocolHandshake.createSession(ProtocolHandshake.java:74)
at org.openqa.selenium.remote.HttpCommandExecutor.execute(HttpCommandExecutor.java:136)
at org.openqa.selenium.remote.service.DriverCommandExecutor.execute(DriverCommandExecutor.java:83)
at org.openqa.selenium.remote.RemoteWebDriver.execute(RemoteWebDriver.java:552)
at org.openqa.selenium.remote.RemoteWebDriver.startSession(RemoteWebDriver.java:213)
at org.openqa.selenium.remote.RemoteWebDriver.<init>(RemoteWebDriver.java:131)
at org.openqa.selenium.chrome.ChromeDriver.<init>(ChromeDriver.java:181)
at org.openqa.selenium.chrome.ChromeDriver.<init>(ChromeDriver.java:168)
at org.openqa.selenium.chrome.ChromeDriver.<init>(ChromeDriver.java:123)
at com.qa.resources.base.initializeDriver(base.java:39)
at com.qa.testCases.LoginPageWindowHandlerTest.initMe(LoginPageWindowHandlerTest.java:16)
at sun.reflect.NativeMethodAccessorImpl.invoke0(Native Method)
at sun.reflect.NativeMethodAccessorImpl.invoke(Unknown Source)
at sun.reflect.DelegatingMethodAccessorImpl.invoke(Unknown Source)
at java.lang.reflect.Method.invoke(Unknown Source)
at org.testng.internal.MethodInvocationHelper.invokeMethod(MethodInvocationHelper.java:124)
at org.testng.internal.MethodInvocationHelper.invokeMethodConsideringTimeout(MethodInvocationHelper.java:59)
at org.testng.internal.Invoker.invokeConfigurationMethod(Invoker.java:458)
at org.testng.internal.Invoker.invokeConfigurations(Invoker.java:222)
at org.testng.internal.Invoker.invokeConfigurations(Invoker.java:142)
at org.testng.TestRunner.beforeRun(TestRunner.java:529)
at org.testng.TestRunner.run(TestRunner.java:497)
at org.testng.SuiteRunner.runTest(SuiteRunner.java:455)
at org.testng.SuiteRunner.runSequentially(SuiteRunner.java:450)
at org.testng.SuiteRunner.privateRun(SuiteRunner.java:415)
at org.testng.SuiteRunner.run(SuiteRunner.java:364)
at org.testng.SuiteRunnerWorker.runSuite(SuiteRunnerWorker.java:52)
at org.testng.SuiteRunnerWorker.run(SuiteRunnerWorker.java:84)
at org.testng.TestNG.runSuitesSequentially(TestNG.java:1208)
at org.testng.TestNG.runSuitesLocally(TestNG.java:1137)
at org.testng.TestNG.runSuites(TestNG.java:1049)
at org.testng.TestNG.run(TestNG.java:1017)
at org.testng.remote.AbstractRemoteTestNG.run(AbstractRemoteTestNG.java:115)
at org.testng.remote.RemoteTestNG.initAndRun(RemoteTestNG.java:251)
at org.testng.remote.RemoteTestNG.main(RemoteTestNG.java:77)
]]>
            </full-stacktrace>
          </exception> <!-- org.openqa.selenium.WebDriverException -->
          <reporter-output>
          </reporter-output>
        </test-method> <!-- HandlerLoginPage -->
        <test-method status="SKIP" signature="closeMe()[pri:0, instance:com.qa.testCases.LoginPageWindowHandlerTest@464bee09]" name="closeMe" is-config="true" duration-ms="0" started-at="2021-02-13T12:45:47Z" finished-at="2021-02-13T12:45:47Z">
          <reporter-output>
          </reporter-output>
        </test-method> <!-- closeMe -->
      </class> <!-- com.qa.testCases.LoginPageWindowHandlerTest -->
    </test> <!-- Default test -->
  </suite> <!-- Default suite -->
</testng-results>
