<?xml version="1.0" encoding="UTF-8"?>
<!-- Generated by org.testng.reporters.JUnitReportReporter -->
<testsuite skipped="2" hostname="AkshayRohankar" name="testCases.RecruitmentPageTest" tests="3" failures="0"
           timestamp="18 May 2019 14:51:49 GMT" time="2.850" errors="1">
    <testcase name="initMe" time="2.850" classname="testCases.RecruitmentPageTest">
        <error type="org.openqa.selenium.SessionNotCreatedException" message="session not created: This version of ChromeDriver only supports Chrome version 75
Build info: version: &#039;3.141.59&#039;, revision: &#039;e82be7d358&#039;, time: &#039;2018-11-14T08:17:03&#039;
System info: host: &#039;AKSHAYROHANKAR&#039;, ip: &#039;192.168.1.116&#039;, os.name: &#039;Windows 10&#039;, os.arch: &#039;amd64&#039;, os.version: &#039;10.0&#039;, java.version: &#039;1.8.0_91&#039;
Driver info: driver.version: ChromeDriver
remote stacktrace: Backtrace:
	Ordinal0 [0x00D37DF3+1474035]
	Ordinal0 [0x00CB07D1+919505]
	Ordinal0 [0x00C4CB43+510787]
	Ordinal0 [0x00BE1B0F+72463]
	Ordinal0 [0x00BDE3F3+58355]
	Ordinal0 [0x00C00CE4+199908]
	Ordinal0 [0x00C0069D+198301]
	Ordinal0 [0x00BFEECB+192203]
	Ordinal0 [0x00BE5FF6+90102]
	Ordinal0 [0x00BE765A+95834]
	Ordinal0 [0x00BE7554+95572]
	GetHandleVerifier [0x00E9231C+1249612]
	GetHandleVerifier [0x00DE1575+525221]
	GetHandleVerifier [0x00DE1310+524608]
	Ordinal0 [0x00D45D28+1531176]
	GetHandleVerifier [0x00DE1D4A+527226]
	Ordinal0 [0x00CC75F6+1013238]
	Ordinal0 [0x00CC746F+1012847]
	Ordinal0 [0x00CD365B+1062491]
	Ordinal0 [0x00CD379F+1062815]
	Ordinal0 [0x00CD2745+1058629]
	BaseThreadInitThunk [0x76E88494+36]
	RtlAreBitsSet [0x77A341C8+136]
	RtlAreBitsSet [0x77A34198+88]
">
            <![CDATA[org.openqa.selenium.SessionNotCreatedException: session not created: This version of ChromeDriver only supports Chrome version 75
Build info: version: '3.141.59', revision: 'e82be7d358', time: '2018-11-14T08:17:03'
System info: host: 'AKSHAYROHANKAR', ip: '192.168.1.116', os.name: 'Windows 10', os.arch: 'amd64', os.version: '10.0', java.version: '1.8.0_91'
Driver info: driver.version: ChromeDriver
remote stacktrace: Backtrace:
Ordinal0 [0x00D37DF3+1474035]
Ordinal0 [0x00CB07D1+919505]
Ordinal0 [0x00C4CB43+510787]
Ordinal0 [0x00BE1B0F+72463]
Ordinal0 [0x00BDE3F3+58355]
Ordinal0 [0x00C00CE4+199908]
Ordinal0 [0x00C0069D+198301]
Ordinal0 [0x00BFEECB+192203]
Ordinal0 [0x00BE5FF6+90102]
Ordinal0 [0x00BE765A+95834]
Ordinal0 [0x00BE7554+95572]
GetHandleVerifier [0x00E9231C+1249612]
GetHandleVerifier [0x00DE1575+525221]
GetHandleVerifier [0x00DE1310+524608]
Ordinal0 [0x00D45D28+1531176]
GetHandleVerifier [0x00DE1D4A+527226]
Ordinal0 [0x00CC75F6+1013238]
Ordinal0 [0x00CC746F+1012847]
Ordinal0 [0x00CD365B+1062491]
Ordinal0 [0x00CD379F+1062815]
Ordinal0 [0x00CD2745+1058629]
BaseThreadInitThunk [0x76E88494+36]
RtlAreBitsSet [0x77A341C8+136]
RtlAreBitsSet [0x77A34198+88]

at sun.reflect.NativeConstructorAccessorImpl.newInstance0(Native Method)
at sun.reflect.NativeConstructorAccessorImpl.newInstance(Unknown Source)
at sun.reflect.DelegatingConstructorAccessorImpl.newInstance(Unknown Source)
at java.lang.reflect.Constructor.newInstance(Unknown Source)
at org.openqa.selenium.remote.W3CHandshakeResponse.lambda$errorHandler$0(W3CHandshakeResponse.java:62)
at org.openqa.selenium.remote.HandshakeResponse.lambda$getResponseFunction$0(HandshakeResponse.java:30)
at org.openqa.selenium.remote.ProtocolHandshake.lambda$createSession$0(ProtocolHandshake.java:126)
at java.util.stream.ReferencePipeline$3$1.accept(Unknown Source)
at java.util.Spliterators$ArraySpliterator.tryAdvance(Unknown Source)
at java.util.stream.ReferencePipeline.forEachWithCancel(Unknown Source)
at java.util.stream.AbstractPipeline.copyIntoWithCancel(Unknown Source)
at java.util.stream.AbstractPipeline.copyInto(Unknown Source)
at java.util.stream.AbstractPipeline.wrapAndCopyInto(Unknown Source)
at java.util.stream.FindOps$FindOp.evaluateSequential(Unknown Source)
at java.util.stream.AbstractPipeline.evaluate(Unknown Source)
at java.util.stream.ReferencePipeline.findFirst(Unknown Source)
at org.openqa.selenium.remote.ProtocolHandshake.createSession(ProtocolHandshake.java:128)
at org.openqa.selenium.remote.ProtocolHandshake.createSession(ProtocolHandshake.java:74)
at org.openqa.selenium.remote.HttpCommandExecutor.execute(HttpCommandExecutor.java:136)
at org.openqa.selenium.remote.service.DriverCommandExecutor.execute(DriverCommandExecutor.java:83)
at org.openqa.selenium.remote.RemoteWebDriver.execute(RemoteWebDriver.java:552)
at org.openqa.selenium.remote.RemoteWebDriver.startSession(RemoteWebDriver.java:213)
at org.openqa.selenium.remote.RemoteWebDriver.<init>(RemoteWebDriver.java:131)
at org.openqa.selenium.chrome.ChromeDriver.<init>(ChromeDriver.java:181)
at org.openqa.selenium.chrome.ChromeDriver.<init>(ChromeDriver.java:168)
at org.openqa.selenium.chrome.ChromeDriver.<init>(ChromeDriver.java:123)
at resources.base.initializeDriver(base.java:33)
at testCases.RecruitmentPageTest.initMe(RecruitmentPageTest.java:19)
at sun.reflect.NativeMethodAccessorImpl.invoke0(Native Method)
at sun.reflect.NativeMethodAccessorImpl.invoke(Unknown Source)
at sun.reflect.DelegatingMethodAccessorImpl.invoke(Unknown Source)
at java.lang.reflect.Method.invoke(Unknown Source)
at org.testng.internal.MethodInvocationHelper.invokeMethod(MethodInvocationHelper.java:124)
at org.testng.internal.MethodInvocationHelper.invokeMethodConsideringTimeout(MethodInvocationHelper.java:59)
at org.testng.internal.Invoker.invokeConfigurationMethod(Invoker.java:458)
at org.testng.internal.Invoker.invokeConfigurations(Invoker.java:222)
at org.testng.internal.Invoker.invokeConfigurations(Invoker.java:142)
at org.testng.TestRunner.beforeRun(TestRunner.java:529)
at org.testng.TestRunner.run(TestRunner.java:497)
at org.testng.SuiteRunner.runTest(SuiteRunner.java:455)
at org.testng.SuiteRunner.runSequentially(SuiteRunner.java:450)
at org.testng.SuiteRunner.privateRun(SuiteRunner.java:415)
at org.testng.SuiteRunner.run(SuiteRunner.java:364)
at org.testng.SuiteRunnerWorker.runSuite(SuiteRunnerWorker.java:52)
at org.testng.SuiteRunnerWorker.run(SuiteRunnerWorker.java:84)
at org.testng.TestNG.runSuitesSequentially(TestNG.java:1208)
at org.testng.TestNG.runSuitesLocally(TestNG.java:1137)
at org.testng.TestNG.runSuites(TestNG.java:1049)
at org.testng.TestNG.run(TestNG.java:1017)
at org.testng.remote.AbstractRemoteTestNG.run(AbstractRemoteTestNG.java:114)
at org.testng.remote.RemoteTestNG.initAndRun(RemoteTestNG.java:251)
at org.testng.remote.RemoteTestNG.main(RemoteTestNG.java:77)
]]>
        </error>
    </testcase> <!-- initMe -->
    <testcase name="addCandidates" time="0.000" classname="testCases.RecruitmentPageTest">
        <skipped/>
    </testcase> <!-- addCandidates -->
  <testcase name="searchCandidates" classname="testCases.RecruitmentPageTest">
    <skipped/>
  </testcase> <!-- searchCandidates -->
</testsuite> <!-- testCases.RecruitmentPageTest -->
