<?xml version="1.0" encoding="UTF-8"?>
<!-- Generated by org.testng.reporters.JUnitReportReporter -->
<testsuite skipped="2" hostname="Akshay" name="com.qa.testCases.LoginPageTest" tests="3" failures="0" timestamp="21 Oct 2020 10:37:57 GMT" time="2.933" errors="1">
  <testcase name="testValidateSuccessfullLogin" time="0.000" classname="com.qa.testCases.LoginPageTest">
    <skipped/>
  </testcase> <!-- testValidateSuccessfullLogin -->
  <testcase name="initMe" time="2.933" classname="com.qa.testCases.LoginPageTest">
    <error type="org.openqa.selenium.WebDriverException" message="unknown error: cannot find Chrome binary
Build info: version: &#039;3.141.59&#039;, revision: &#039;e82be7d358&#039;, time: &#039;2018-11-14T08:17:03&#039;
System info: host: &#039;AKSHAY&#039;, ip: &#039;192.168.56.1&#039;, os.name: &#039;Windows 10&#039;, os.arch: &#039;amd64&#039;, os.version: &#039;10.0&#039;, java.version: &#039;1.8.0_221&#039;
Driver info: driver.version: ChromeDriver
remote stacktrace: Backtrace:
	Ordinal0 [0x002C9563+2725219]
	Ordinal0 [0x001C8551+1672529]
	Ordinal0 [0x000B0359+525145]
	Ordinal0 [0x0003CA64+51812]
	Ordinal0 [0x0005CC37+183351]
	Ordinal0 [0x0005CA3D+182845]
	Ordinal0 [0x0005A94B+174411]
	Ordinal0 [0x00042528+75048]
	Ordinal0 [0x000435A0+79264]
	Ordinal0 [0x00043539+79161]
	Ordinal0 [0x001DD607+1758727]
	GetHandleVerifier [0x003E6546+1050150]
	GetHandleVerifier [0x003E6291+1049457]
	GetHandleVerifier [0x003F10D7+1094071]
	GetHandleVerifier [0x003E6B46+1051686]
	Ordinal0 [0x001D5B06+1727238]
	Ordinal0 [0x001DEB7B+1764219]
	Ordinal0 [0x001DECE3+1764579]
	Ordinal0 [0x001F4C05+1854469]
	BaseThreadInitThunk [0x758B6359+25]
	RtlGetAppContainerNamedObjectPath [0x77967C24+228]
	RtlGetAppContainerNamedObjectPath [0x77967BF4+180]
	(No symbol) [0x00000000]
">
      <![CDATA[org.openqa.selenium.WebDriverException: unknown error: cannot find Chrome binary
Build info: version: '3.141.59', revision: 'e82be7d358', time: '2018-11-14T08:17:03'
System info: host: 'AKSHAY', ip: '192.168.56.1', os.name: 'Windows 10', os.arch: 'amd64', os.version: '10.0', java.version: '1.8.0_221'
Driver info: driver.version: ChromeDriver
remote stacktrace: Backtrace:
Ordinal0 [0x002C9563+2725219]
Ordinal0 [0x001C8551+1672529]
Ordinal0 [0x000B0359+525145]
Ordinal0 [0x0003CA64+51812]
Ordinal0 [0x0005CC37+183351]
Ordinal0 [0x0005CA3D+182845]
Ordinal0 [0x0005A94B+174411]
Ordinal0 [0x00042528+75048]
Ordinal0 [0x000435A0+79264]
Ordinal0 [0x00043539+79161]
Ordinal0 [0x001DD607+1758727]
GetHandleVerifier [0x003E6546+1050150]
GetHandleVerifier [0x003E6291+1049457]
GetHandleVerifier [0x003F10D7+1094071]
GetHandleVerifier [0x003E6B46+1051686]
Ordinal0 [0x001D5B06+1727238]
Ordinal0 [0x001DEB7B+1764219]
Ordinal0 [0x001DECE3+1764579]
Ordinal0 [0x001F4C05+1854469]
BaseThreadInitThunk [0x758B6359+25]
RtlGetAppContainerNamedObjectPath [0x77967C24+228]
RtlGetAppContainerNamedObjectPath [0x77967BF4+180]
(No symbol) [0x00000000]

at sun.reflect.NativeConstructorAccessorImpl.newInstance0(Native Method)
at sun.reflect.NativeConstructorAccessorImpl.newInstance(Unknown Source)
at sun.reflect.DelegatingConstructorAccessorImpl.newInstance(Unknown Source)
at java.lang.reflect.Constructor.newInstance(Unknown Source)
at org.openqa.selenium.remote.W3CHandshakeResponse.lambda$errorHandler$0(W3CHandshakeResponse.java:62)
at org.openqa.selenium.remote.HandshakeResponse.lambda$getResponseFunction$0(HandshakeResponse.java:30)
at org.openqa.selenium.remote.ProtocolHandshake.lambda$createSession$0(ProtocolHandshake.java:126)
at java.util.stream.ReferencePipeline$3$1.accept(Unknown Source)
at java.util.Spliterators$ArraySpliterator.tryAdvance(Unknown Source)
at java.util.stream.ReferencePipeline.forEachWithCancel(Unknown Source)
at java.util.stream.AbstractPipeline.copyIntoWithCancel(Unknown Source)
at java.util.stream.AbstractPipeline.copyInto(Unknown Source)
at java.util.stream.AbstractPipeline.wrapAndCopyInto(Unknown Source)
at java.util.stream.FindOps$FindOp.evaluateSequential(Unknown Source)
at java.util.stream.AbstractPipeline.evaluate(Unknown Source)
at java.util.stream.ReferencePipeline.findFirst(Unknown Source)
at org.openqa.selenium.remote.ProtocolHandshake.createSession(ProtocolHandshake.java:128)
at org.openqa.selenium.remote.ProtocolHandshake.createSession(ProtocolHandshake.java:74)
at org.openqa.selenium.remote.HttpCommandExecutor.execute(HttpCommandExecutor.java:136)
at org.openqa.selenium.remote.service.DriverCommandExecutor.execute(DriverCommandExecutor.java:83)
at org.openqa.selenium.remote.RemoteWebDriver.execute(RemoteWebDriver.java:552)
at org.openqa.selenium.remote.RemoteWebDriver.startSession(RemoteWebDriver.java:213)
at org.openqa.selenium.remote.RemoteWebDriver.<init>(RemoteWebDriver.java:131)
at org.openqa.selenium.chrome.ChromeDriver.<init>(ChromeDriver.java:181)
at org.openqa.selenium.chrome.ChromeDriver.<init>(ChromeDriver.java:168)
at org.openqa.selenium.chrome.ChromeDriver.<init>(ChromeDriver.java:123)
at com.qa.resources.base.initializeDriver(base.java:39)
at com.qa.testCases.LoginPageTest.initMe(LoginPageTest.java:19)
at sun.reflect.NativeMethodAccessorImpl.invoke0(Native Method)
at sun.reflect.NativeMethodAccessorImpl.invoke(Unknown Source)
at sun.reflect.DelegatingMethodAccessorImpl.invoke(Unknown Source)
at java.lang.reflect.Method.invoke(Unknown Source)
at org.testng.internal.MethodInvocationHelper.invokeMethod(MethodInvocationHelper.java:124)
at org.testng.internal.MethodInvocationHelper.invokeMethodConsideringTimeout(MethodInvocationHelper.java:59)
at org.testng.internal.Invoker.invokeConfigurationMethod(Invoker.java:458)
at org.testng.internal.Invoker.invokeConfigurations(Invoker.java:222)
at org.testng.internal.Invoker.invokeConfigurations(Invoker.java:142)
at org.testng.TestRunner.beforeRun(TestRunner.java:529)
at org.testng.TestRunner.run(TestRunner.java:497)
at org.testng.SuiteRunner.runTest(SuiteRunner.java:455)
at org.testng.SuiteRunner.runSequentially(SuiteRunner.java:450)
at org.testng.SuiteRunner.privateRun(SuiteRunner.java:415)
at org.testng.SuiteRunner.run(SuiteRunner.java:364)
at org.testng.SuiteRunnerWorker.runSuite(SuiteRunnerWorker.java:52)
at org.testng.SuiteRunnerWorker.run(SuiteRunnerWorker.java:84)
at org.testng.TestNG.runSuitesSequentially(TestNG.java:1208)
at org.testng.TestNG.runSuitesLocally(TestNG.java:1137)
at org.testng.TestNG.runSuites(TestNG.java:1049)
at org.testng.TestNG.run(TestNG.java:1017)
at org.testng.remote.AbstractRemoteTestNG.run(AbstractRemoteTestNG.java:115)
at org.testng.remote.RemoteTestNG.initAndRun(RemoteTestNG.java:251)
at org.testng.remote.RemoteTestNG.main(RemoteTestNG.java:77)
]]>
    </error>
  </testcase> <!-- initMe -->
  <testcase name="testValidateUnSuccessfullLogin" time="0.000" classname="com.qa.testCases.LoginPageTest">
    <skipped/>
  </testcase> <!-- testValidateUnSuccessfullLogin -->
</testsuite> <!-- com.qa.testCases.LoginPageTest -->
